<?xml version="1.0" encoding="UTF-8"?>
<testsuite xmlns:xsi="http://www.w3.org/2001/XMLSchema-instance" xsi:noNamespaceSchemaLocation="https://maven.apache.org/surefire/maven-surefire-plugin/xsd/surefire-test-report-3.0.xsd" version="3.0" name="Test_Product" time="4.025" tests="11" errors="0" skipped="0" failures="2">
  <properties>
    <property name="java.specification.version" value="16"/>
    <property name="sun.cpu.isalist" value="amd64"/>
    <property name="sun.jnu.encoding" value="Cp1251"/>
    <property name="java.class.path" value="C:\Users\Анна Ламыкина\Desktop\Тестирование backend на Java\5\dz5\target\test-classes;C:\Users\Анна Ламыкина\Desktop\Тестирование backend на Java\5\dz5\target\classes;C:\Users\Анна Ламыкина\.m2\repository\com\squareup\retrofit2\retrofit\2.9.0\retrofit-2.9.0.jar;C:\Users\Анна Ламыкина\.m2\repository\com\squareup\okhttp3\okhttp\3.14.9\okhttp-3.14.9.jar;C:\Users\Анна Ламыкина\.m2\repository\com\squareup\okio\okio\1.17.2\okio-1.17.2.jar;C:\Users\Анна Ламыкина\.m2\repository\org\junit\jupiter\junit-jupiter\5.8.1\junit-jupiter-5.8.1.jar;C:\Users\Анна Ламыкина\.m2\repository\org\junit\jupiter\junit-jupiter-api\5.8.1\junit-jupiter-api-5.8.1.jar;C:\Users\Анна Ламыкина\.m2\repository\org\opentest4j\opentest4j\1.2.0\opentest4j-1.2.0.jar;C:\Users\Анна Ламыкина\.m2\repository\org\junit\platform\junit-platform-commons\1.8.1\junit-platform-commons-1.8.1.jar;C:\Users\Анна Ламыкина\.m2\repository\org\apiguardian\apiguardian-api\1.1.2\apiguardian-api-1.1.2.jar;C:\Users\Анна Ламыкина\.m2\repository\org\junit\jupiter\junit-jupiter-params\5.8.1\junit-jupiter-params-5.8.1.jar;C:\Users\Анна Ламыкина\.m2\repository\org\junit\jupiter\junit-jupiter-engine\5.8.1\junit-jupiter-engine-5.8.1.jar;C:\Users\Анна Ламыкина\.m2\repository\org\junit\platform\junit-platform-engine\1.8.1\junit-platform-engine-1.8.1.jar;C:\Users\Анна Ламыкина\.m2\repository\com\fasterxml\jackson\core\jackson-annotations\2.12.5\jackson-annotations-2.12.5.jar;C:\Users\Анна Ламыкина\.m2\repository\com\fasterxml\jackson\core\jackson-core\2.12.5\jackson-core-2.12.5.jar;C:\Users\Анна Ламыкина\.m2\repository\com\fasterxml\jackson\core\jackson-databind\2.12.5\jackson-databind-2.12.5.jar;C:\Users\Анна Ламыкина\.m2\repository\com\squareup\retrofit2\converter-jackson\2.6.1\converter-jackson-2.6.1.jar;C:\Users\Анна Ламыкина\.m2\repository\org\projectlombok\lombok\1.18.20\lombok-1.18.20.jar;C:\Users\Анна Ламыкина\.m2\repository\org\hamcrest\hamcrest\2.2\hamcrest-2.2.jar;C:\Users\Анна Ламыкина\.m2\repository\com\squareup\okhttp3\logging-interceptor\3.9.0\logging-interceptor-3.9.0.jar;C:\Users\Анна Ламыкина\.m2\repository\com\github\javafaker\javafaker\0.15\javafaker-0.15.jar;C:\Users\Анна Ламыкина\.m2\repository\org\apache\commons\commons-lang3\3.5\commons-lang3-3.5.jar;C:\Users\Анна Ламыкина\.m2\repository\org\yaml\snakeyaml\1.20\snakeyaml-1.20-android.jar;C:\Users\Анна Ламыкина\.m2\repository\com\github\mifmif\generex\1.0.2\generex-1.0.2.jar;C:\Users\Анна Ламыкина\.m2\repository\dk\brics\automaton\automaton\1.11-8\automaton-1.11-8.jar;C:\Users\Анна Ламыкина\.m2\repository\io\qameta\allure\allure-okhttp3\2.16.1\allure-okhttp3-2.16.1.jar;C:\Users\Анна Ламыкина\.m2\repository\io\qameta\allure\allure-attachments\2.16.1\allure-attachments-2.16.1.jar;C:\Users\Анна Ламыкина\.m2\repository\org\freemarker\freemarker\2.3.31\freemarker-2.3.31.jar;C:\Users\Анна Ламыкина\.m2\repository\io\qameta\allure\allure-java-commons\2.16.1\allure-java-commons-2.16.1.jar;C:\Users\Анна Ламыкина\.m2\repository\org\slf4j\slf4j-api\1.7.30\slf4j-api-1.7.30.jar;C:\Users\Анна Ламыкина\.m2\repository\io\qameta\allure\allure-model\2.16.1\allure-model-2.16.1.jar;C:\Users\Анна Ламыкина\.m2\repository\io\qameta\allure\allure-junit5\2.16.1\allure-junit5-2.16.1.jar;C:\Users\Анна Ламыкина\.m2\repository\io\qameta\allure\allure-junit-platform\2.16.1\allure-junit-platform-2.16.1.jar;C:\Users\Анна Ламыкина\.m2\repository\io\qameta\allure\allure-test-filter\2.16.1\allure-test-filter-2.16.1.jar;C:\Users\Анна Ламыкина\.m2\repository\org\junit\platform\junit-platform-launcher\1.8.1\junit-platform-launcher-1.8.1.jar;C:\Users\Анна Ламыкина\.m2\repository\log4j\log4j\1.2.17\log4j-1.2.17.jar;"/>
    <property name="java.vm.vendor" value="Oracle Corporation"/>
    <property name="sun.arch.data.model" value="64"/>
    <property name="user.variant" value=""/>
    <property name="java.vendor.url" value="https://java.oracle.com/"/>
    <property name="user.timezone" value="Europe/Minsk"/>
    <property name="os.name" value="Windows 10"/>
    <property name="java.vm.specification.version" value="16"/>
    <property name="sun.java.launcher" value="SUN_STANDARD"/>
    <property name="user.country" value="RU"/>
    <property name="allure.link.issue.pattern" value="https://example.org/browse/{}"/>
    <property name="sun.boot.library.path" value="C:\Program Files\Java\jdk-16.0.1\bin"/>
    <property name="sun.java.command" value="C:\Users\Анна Ламыкина\AppData\Local\Temp\surefire15032714231528573714\surefirebooter9825834783693882540.jar C:\Users\Анна Ламыкина\AppData\Local\Temp\surefire15032714231528573714 2021-11-16T20-52-52_322-jvmRun1 surefire5414733875678477474tmp surefire_04496164184499015901tmp"/>
    <property name="jdk.debug" value="release"/>
    <property name="surefire.test.class.path" value="C:\Users\Анна Ламыкина\Desktop\Тестирование backend на Java\5\dz5\target\test-classes;C:\Users\Анна Ламыкина\Desktop\Тестирование backend на Java\5\dz5\target\classes;C:\Users\Анна Ламыкина\.m2\repository\com\squareup\retrofit2\retrofit\2.9.0\retrofit-2.9.0.jar;C:\Users\Анна Ламыкина\.m2\repository\com\squareup\okhttp3\okhttp\3.14.9\okhttp-3.14.9.jar;C:\Users\Анна Ламыкина\.m2\repository\com\squareup\okio\okio\1.17.2\okio-1.17.2.jar;C:\Users\Анна Ламыкина\.m2\repository\org\junit\jupiter\junit-jupiter\5.8.1\junit-jupiter-5.8.1.jar;C:\Users\Анна Ламыкина\.m2\repository\org\junit\jupiter\junit-jupiter-api\5.8.1\junit-jupiter-api-5.8.1.jar;C:\Users\Анна Ламыкина\.m2\repository\org\opentest4j\opentest4j\1.2.0\opentest4j-1.2.0.jar;C:\Users\Анна Ламыкина\.m2\repository\org\junit\platform\junit-platform-commons\1.8.1\junit-platform-commons-1.8.1.jar;C:\Users\Анна Ламыкина\.m2\repository\org\apiguardian\apiguardian-api\1.1.2\apiguardian-api-1.1.2.jar;C:\Users\Анна Ламыкина\.m2\repository\org\junit\jupiter\junit-jupiter-params\5.8.1\junit-jupiter-params-5.8.1.jar;C:\Users\Анна Ламыкина\.m2\repository\org\junit\jupiter\junit-jupiter-engine\5.8.1\junit-jupiter-engine-5.8.1.jar;C:\Users\Анна Ламыкина\.m2\repository\org\junit\platform\junit-platform-engine\1.8.1\junit-platform-engine-1.8.1.jar;C:\Users\Анна Ламыкина\.m2\repository\com\fasterxml\jackson\core\jackson-annotations\2.12.5\jackson-annotations-2.12.5.jar;C:\Users\Анна Ламыкина\.m2\repository\com\fasterxml\jackson\core\jackson-core\2.12.5\jackson-core-2.12.5.jar;C:\Users\Анна Ламыкина\.m2\repository\com\fasterxml\jackson\core\jackson-databind\2.12.5\jackson-databind-2.12.5.jar;C:\Users\Анна Ламыкина\.m2\repository\com\squareup\retrofit2\converter-jackson\2.6.1\converter-jackson-2.6.1.jar;C:\Users\Анна Ламыкина\.m2\repository\org\projectlombok\lombok\1.18.20\lombok-1.18.20.jar;C:\Users\Анна Ламыкина\.m2\repository\org\hamcrest\hamcrest\2.2\hamcrest-2.2.jar;C:\Users\Анна Ламыкина\.m2\repository\com\squareup\okhttp3\logging-interceptor\3.9.0\logging-interceptor-3.9.0.jar;C:\Users\Анна Ламыкина\.m2\repository\com\github\javafaker\javafaker\0.15\javafaker-0.15.jar;C:\Users\Анна Ламыкина\.m2\repository\org\apache\commons\commons-lang3\3.5\commons-lang3-3.5.jar;C:\Users\Анна Ламыкина\.m2\repository\org\yaml\snakeyaml\1.20\snakeyaml-1.20-android.jar;C:\Users\Анна Ламыкина\.m2\repository\com\github\mifmif\generex\1.0.2\generex-1.0.2.jar;C:\Users\Анна Ламыкина\.m2\repository\dk\brics\automaton\automaton\1.11-8\automaton-1.11-8.jar;C:\Users\Анна Ламыкина\.m2\repository\io\qameta\allure\allure-okhttp3\2.16.1\allure-okhttp3-2.16.1.jar;C:\Users\Анна Ламыкина\.m2\repository\io\qameta\allure\allure-attachments\2.16.1\allure-attachments-2.16.1.jar;C:\Users\Анна Ламыкина\.m2\repository\org\freemarker\freemarker\2.3.31\freemarker-2.3.31.jar;C:\Users\Анна Ламыкина\.m2\repository\io\qameta\allure\allure-java-commons\2.16.1\allure-java-commons-2.16.1.jar;C:\Users\Анна Ламыкина\.m2\repository\org\slf4j\slf4j-api\1.7.30\slf4j-api-1.7.30.jar;C:\Users\Анна Ламыкина\.m2\repository\io\qameta\allure\allure-model\2.16.1\allure-model-2.16.1.jar;C:\Users\Анна Ламыкина\.m2\repository\io\qameta\allure\allure-junit5\2.16.1\allure-junit5-2.16.1.jar;C:\Users\Анна Ламыкина\.m2\repository\io\qameta\allure\allure-junit-platform\2.16.1\allure-junit-platform-2.16.1.jar;C:\Users\Анна Ламыкина\.m2\repository\io\qameta\allure\allure-test-filter\2.16.1\allure-test-filter-2.16.1.jar;C:\Users\Анна Ламыкина\.m2\repository\org\junit\platform\junit-platform-launcher\1.8.1\junit-platform-launcher-1.8.1.jar;C:\Users\Анна Ламыкина\.m2\repository\log4j\log4j\1.2.17\log4j-1.2.17.jar;"/>
    <property name="allure.results.directory" value="C:\Users\Анна Ламыкина\Desktop\Тестирование backend на Java\5\dz5\target\allure-results"/>
    <property name="sun.cpu.endian" value="little"/>
    <property name="user.home" value="C:\Users\Анна Ламыкина"/>
    <property name="user.language" value="ru"/>
    <property name="java.specification.vendor" value="Oracle Corporation"/>
    <property name="java.version.date" value="2021-04-20"/>
    <property name="java.home" value="C:\Program Files\Java\jdk-16.0.1"/>
    <property name="file.separator" value="\"/>
    <property name="allure.link.tms.pattern" value="https://example.org/browse/{}"/>
    <property name="basedir" value="C:\Users\Анна Ламыкина\Desktop\Тестирование backend на Java\5\dz5"/>
    <property name="java.vm.compressedOopsMode" value="Zero based"/>
    <property name="line.separator" value="&#10;"/>
    <property name="java.vm.specification.vendor" value="Oracle Corporation"/>
    <property name="java.specification.name" value="Java Platform API Specification"/>
    <property name="surefire.real.class.path" value="C:\Users\Анна Ламыкина\AppData\Local\Temp\surefire15032714231528573714\surefirebooter9825834783693882540.jar"/>
    <property name="user.script" value=""/>
    <property name="sun.management.compiler" value="HotSpot 64-Bit Tiered Compilers"/>
    <property name="java.runtime.version" value="16.0.1+9-24"/>
    <property name="user.name" value="Анна Ламыкина"/>
    <property name="path.separator" value=";"/>
    <property name="os.version" value="10.0"/>
    <property name="java.runtime.name" value="Java(TM) SE Runtime Environment"/>
    <property name="file.encoding" value="Cp1251"/>
    <property name="java.vm.name" value="Java HotSpot(TM) 64-Bit Server VM"/>
    <property name="localRepository" value="C:\Users\Анна Ламыкина\.m2\repository"/>
    <property name="java.vendor.url.bug" value="https://bugreport.java.com/bugreport/"/>
    <property name="java.io.tmpdir" value="C:\Users\4325~1\AppData\Local\Temp\"/>
    <property name="idea.version" value="2021.1.3"/>
    <property name="java.version" value="16.0.1"/>
    <property name="user.dir" value="C:\Users\Анна Ламыкина\Desktop\Тестирование backend на Java\5\dz5"/>
    <property name="os.arch" value="amd64"/>
    <property name="java.vm.specification.name" value="Java Virtual Machine Specification"/>
    <property name="sun.os.patch.level" value=""/>
    <property name="java.library.path" value="C:\Program Files\Java\jdk-16.0.1\bin;C:\WINDOWS\Sun\Java\bin;C:\WINDOWS\system32;C:\WINDOWS;C:\Program Files (x86)\Common Files\Oracle\Java\javapath;C:\Program Files\Common Files\Oracle\Java\javapath;C:\WINDOWS\system32;C:\WINDOWS;C:\WINDOWS\System32\Wbem;C:\WINDOWS\System32\WindowsPowerShell\v1.0\;C:\WINDOWS\System32\OpenSSH\;C:\Program Files (x86)\Brackets\command;C:\Program Files\dotnet\;C:\Program Files\Git\cmd;C:\Program Files\Docker\Docker\resources\bin;C:\ProgramData\DockerDesktop\version-bin;C:\Users\Анна Ламыкина\AppData\Local\Microsoft\WindowsApps;C:\Users\Анна Ламыкина\AppData\Local\Programs\Microsoft VS Code\bin;C:\Users\Анна Ламыкина\AppData\Local\gitkraken\bin;C:\Program Files\allure-2.16.1\bin;;."/>
    <property name="java.vm.info" value="mixed mode, sharing"/>
    <property name="java.vendor" value="Oracle Corporation"/>
    <property name="java.vm.version" value="16.0.1+9-24"/>
    <property name="sun.io.unicode.encoding" value="UnicodeLittle"/>
    <property name="java.class.version" value="60.0"/>
  </properties>
  <testcase name="updateCreatedTest" classname="Test_Product" time="0.425"/>
  <testcase name="deleteDeletedProductTest" classname="Test_Product" time="0.179"/>
  <testcase name="getCreatedTest" classname="Test_Product" time="0.142"/>
  <testcase name="checkNonNegativePriceTest" classname="Test_Product" time="0.101">
    <failure message="&#10;Expected: is &lt;false&gt;&#10;     but: was &lt;true&gt;" type="java.lang.AssertionError"><![CDATA[java.lang.AssertionError: 

Expected: is <false>
     but: was <true>
	at Test_Product.checkNonNegativePriceTest(Test_Product.java:60)
]]></failure>
    <system-err><![CDATA[нояб. 16, 2021 8:53:01 PM okhttp3.internal.platform.Platform log
INFO: --> POST http://80.78.248.82:8189/market/api/v1/products
нояб. 16, 2021 8:53:01 PM okhttp3.internal.platform.Platform log
INFO: Content-Type: application/json; charset=UTF-8
нояб. 16, 2021 8:53:01 PM okhttp3.internal.platform.Platform log
INFO: Content-Length: 57
нояб. 16, 2021 8:53:01 PM okhttp3.internal.platform.Platform log
INFO: 
нояб. 16, 2021 8:53:01 PM okhttp3.internal.platform.Platform log
INFO: {
  "title" : "Rosemary",
  "price" : -2765,
  "categoryTitle" : "Food"
}
нояб. 16, 2021 8:53:01 PM okhttp3.internal.platform.Platform log
INFO: --> END POST (57-byte body)
нояб. 16, 2021 8:53:01 PM okhttp3.internal.platform.Platform log
INFO: --> POST http://80.78.248.82:8189/market/api/v1/products
нояб. 16, 2021 8:53:01 PM okhttp3.internal.platform.Platform log
INFO: Content-Type: application/json; charset=UTF-8
нояб. 16, 2021 8:53:01 PM okhttp3.internal.platform.Platform log
INFO: Content-Length: 57
нояб. 16, 2021 8:53:01 PM okhttp3.internal.platform.Platform log
INFO: 
нояб. 16, 2021 8:53:01 PM okhttp3.internal.platform.Platform log
INFO: {
  "title" : "Rosemary",
  "price" : -2765,
  "categoryTitle" : "Food"
}
нояб. 16, 2021 8:53:01 PM okhttp3.internal.platform.Platform log
INFO: --> END POST (57-byte body)
нояб. 16, 2021 8:53:01 PM okhttp3.internal.platform.Platform log
INFO: <-- 201 http://80.78.248.82:8189/market/api/v1/products (23ms)
нояб. 16, 2021 8:53:01 PM okhttp3.internal.platform.Platform log
INFO: Content-Type: application/json
нояб. 16, 2021 8:53:01 PM okhttp3.internal.platform.Platform log
INFO: Transfer-Encoding: chunked
нояб. 16, 2021 8:53:01 PM okhttp3.internal.platform.Platform log
INFO: Date: Tue, 16 Nov 2021 17:53:02 GMT
нояб. 16, 2021 8:53:01 PM okhttp3.internal.platform.Platform log
INFO: Keep-Alive: timeout=60
нояб. 16, 2021 8:53:01 PM okhttp3.internal.platform.Platform log
INFO: Connection: keep-alive
нояб. 16, 2021 8:53:01 PM okhttp3.internal.platform.Platform log
INFO: 
нояб. 16, 2021 8:53:01 PM okhttp3.internal.platform.Platform log
INFO: {
  "id" : 14372,
  "title" : "Rosemary",
  "price" : -2765,
  "categoryTitle" : "Food"
}
нояб. 16, 2021 8:53:01 PM okhttp3.internal.platform.Platform log
INFO: <-- END HTTP (68-byte body)
нояб. 16, 2021 8:53:01 PM okhttp3.internal.platform.Platform log
INFO: <-- 201 http://80.78.248.82:8189/market/api/v1/products (39ms)
нояб. 16, 2021 8:53:01 PM okhttp3.internal.platform.Platform log
INFO: Content-Type: application/json
нояб. 16, 2021 8:53:01 PM okhttp3.internal.platform.Platform log
INFO: Transfer-Encoding: chunked
нояб. 16, 2021 8:53:01 PM okhttp3.internal.platform.Platform log
INFO: Date: Tue, 16 Nov 2021 17:53:02 GMT
нояб. 16, 2021 8:53:01 PM okhttp3.internal.platform.Platform log
INFO: Keep-Alive: timeout=60
нояб. 16, 2021 8:53:01 PM okhttp3.internal.platform.Platform log
INFO: Connection: keep-alive
нояб. 16, 2021 8:53:01 PM okhttp3.internal.platform.Platform log
INFO: 
нояб. 16, 2021 8:53:01 PM okhttp3.internal.platform.Platform log
INFO: {
  "id" : 14372,
  "title" : "Rosemary",
  "price" : -2765,
  "categoryTitle" : "Food"
}
нояб. 16, 2021 8:53:01 PM okhttp3.internal.platform.Platform log
INFO: <-- END HTTP (68-byte body)
нояб. 16, 2021 8:53:01 PM okhttp3.internal.platform.Platform log
INFO: --> DELETE http://80.78.248.82:8189/market/api/v1/products/0
нояб. 16, 2021 8:53:01 PM okhttp3.internal.platform.Platform log
INFO: --> END DELETE
нояб. 16, 2021 8:53:01 PM okhttp3.internal.platform.Platform log
INFO: --> DELETE http://80.78.248.82:8189/market/api/v1/products/0
нояб. 16, 2021 8:53:01 PM okhttp3.internal.platform.Platform log
INFO: --> END DELETE
нояб. 16, 2021 8:53:01 PM okhttp3.internal.platform.Platform log
INFO: <-- 500 http://80.78.248.82:8189/market/api/v1/products/0 (22ms)
нояб. 16, 2021 8:53:01 PM okhttp3.internal.platform.Platform log
INFO: Content-Type: application/json
нояб. 16, 2021 8:53:01 PM okhttp3.internal.platform.Platform log
INFO: Transfer-Encoding: chunked
нояб. 16, 2021 8:53:01 PM okhttp3.internal.platform.Platform log
INFO: Date: Tue, 16 Nov 2021 17:53:02 GMT
нояб. 16, 2021 8:53:01 PM okhttp3.internal.platform.Platform log
INFO: Connection: close
нояб. 16, 2021 8:53:01 PM okhttp3.internal.platform.Platform log
INFO: 
нояб. 16, 2021 8:53:01 PM okhttp3.internal.platform.Platform log
INFO: {
  "timestamp" : "2021-11-16T17:53:02.099+00:00",
  "status" : 500,
  "error" : "Internal Server Error",
  "message" : "",
  "path" : "/market/api/v1/products/0"
}
нояб. 16, 2021 8:53:01 PM okhttp3.internal.platform.Platform log
INFO: <-- END HTTP (138-byte body)
нояб. 16, 2021 8:53:01 PM okhttp3.internal.platform.Platform log
INFO: <-- 500 http://80.78.248.82:8189/market/api/v1/products/0 (38ms)
нояб. 16, 2021 8:53:01 PM okhttp3.internal.platform.Platform log
INFO: Content-Type: application/json
нояб. 16, 2021 8:53:01 PM okhttp3.internal.platform.Platform log
INFO: Transfer-Encoding: chunked
нояб. 16, 2021 8:53:01 PM okhttp3.internal.platform.Platform log
INFO: Date: Tue, 16 Nov 2021 17:53:02 GMT
нояб. 16, 2021 8:53:01 PM okhttp3.internal.platform.Platform log
INFO: Connection: close
нояб. 16, 2021 8:53:01 PM okhttp3.internal.platform.Platform log
INFO: 
нояб. 16, 2021 8:53:01 PM okhttp3.internal.platform.Platform log
INFO: {
  "timestamp" : "2021-11-16T17:53:02.099+00:00",
  "status" : 500,
  "error" : "Internal Server Error",
  "message" : "",
  "path" : "/market/api/v1/products/0"
}
нояб. 16, 2021 8:53:01 PM okhttp3.internal.platform.Platform log
INFO: <-- END HTTP (138-byte body)
]]></system-err>
  </testcase>
  <testcase name="postProductTest" classname="Test_Product" time="0.162"/>
  <testcase name="createProductInFoodCategoryTest" classname="Test_Product" time="0.238"/>
  <testcase name="getNotExistTest" classname="Test_Product" time="0.203"/>
  <testcase name="createProductWithIDTest" classname="Test_Product" time="0.11"/>
  <testcase name="checkCreationUniqueTest" classname="Test_Product" time="0.219">
    <failure message="&#10;Expected: is &lt;false&gt;&#10;     but: was &lt;true&gt;" type="java.lang.AssertionError"><![CDATA[java.lang.AssertionError: 

Expected: is <false>
     but: was <true>
	at Test_Product.checkCreationUniqueTest(Test_Product.java:52)
]]></failure>
    <system-err><![CDATA[нояб. 16, 2021 8:53:02 PM okhttp3.internal.platform.Platform log
INFO: --> POST http://80.78.248.82:8189/market/api/v1/products
нояб. 16, 2021 8:53:02 PM okhttp3.internal.platform.Platform log
INFO: Content-Type: application/json; charset=UTF-8
нояб. 16, 2021 8:53:02 PM okhttp3.internal.platform.Platform log
INFO: Content-Length: 56
нояб. 16, 2021 8:53:02 PM okhttp3.internal.platform.Platform log
INFO: 
нояб. 16, 2021 8:53:02 PM okhttp3.internal.platform.Platform log
INFO: {
  "title" : "Chickory",
  "price" : 4385,
  "categoryTitle" : "Food"
}
нояб. 16, 2021 8:53:02 PM okhttp3.internal.platform.Platform log
INFO: --> END POST (56-byte body)
нояб. 16, 2021 8:53:02 PM okhttp3.internal.platform.Platform log
INFO: --> POST http://80.78.248.82:8189/market/api/v1/products
нояб. 16, 2021 8:53:02 PM okhttp3.internal.platform.Platform log
INFO: Content-Type: application/json; charset=UTF-8
нояб. 16, 2021 8:53:02 PM okhttp3.internal.platform.Platform log
INFO: Content-Length: 56
нояб. 16, 2021 8:53:02 PM okhttp3.internal.platform.Platform log
INFO: 
нояб. 16, 2021 8:53:02 PM okhttp3.internal.platform.Platform log
INFO: {
  "title" : "Chickory",
  "price" : 4385,
  "categoryTitle" : "Food"
}
нояб. 16, 2021 8:53:02 PM okhttp3.internal.platform.Platform log
INFO: --> END POST (56-byte body)
нояб. 16, 2021 8:53:02 PM okhttp3.internal.platform.Platform log
INFO: <-- 201 http://80.78.248.82:8189/market/api/v1/products (41ms)
нояб. 16, 2021 8:53:02 PM okhttp3.internal.platform.Platform log
INFO: Content-Type: application/json
нояб. 16, 2021 8:53:02 PM okhttp3.internal.platform.Platform log
INFO: Transfer-Encoding: chunked
нояб. 16, 2021 8:53:02 PM okhttp3.internal.platform.Platform log
INFO: Date: Tue, 16 Nov 2021 17:53:03 GMT
нояб. 16, 2021 8:53:02 PM okhttp3.internal.platform.Platform log
INFO: Keep-Alive: timeout=60
нояб. 16, 2021 8:53:02 PM okhttp3.internal.platform.Platform log
INFO: Connection: keep-alive
нояб. 16, 2021 8:53:02 PM okhttp3.internal.platform.Platform log
INFO: 
нояб. 16, 2021 8:53:02 PM okhttp3.internal.platform.Platform log
INFO: {
  "id" : 14376,
  "title" : "Chickory",
  "price" : 4385,
  "categoryTitle" : "Food"
}
нояб. 16, 2021 8:53:02 PM okhttp3.internal.platform.Platform log
INFO: <-- END HTTP (67-byte body)
нояб. 16, 2021 8:53:02 PM okhttp3.internal.platform.Platform log
INFO: <-- 201 http://80.78.248.82:8189/market/api/v1/products (75ms)
нояб. 16, 2021 8:53:02 PM okhttp3.internal.platform.Platform log
INFO: Content-Type: application/json
нояб. 16, 2021 8:53:02 PM okhttp3.internal.platform.Platform log
INFO: Transfer-Encoding: chunked
нояб. 16, 2021 8:53:02 PM okhttp3.internal.platform.Platform log
INFO: Date: Tue, 16 Nov 2021 17:53:03 GMT
нояб. 16, 2021 8:53:02 PM okhttp3.internal.platform.Platform log
INFO: Keep-Alive: timeout=60
нояб. 16, 2021 8:53:02 PM okhttp3.internal.platform.Platform log
INFO: Connection: keep-alive
нояб. 16, 2021 8:53:02 PM okhttp3.internal.platform.Platform log
INFO: 
нояб. 16, 2021 8:53:02 PM okhttp3.internal.platform.Platform log
INFO: {
  "id" : 14376,
  "title" : "Chickory",
  "price" : 4385,
  "categoryTitle" : "Food"
}
нояб. 16, 2021 8:53:02 PM okhttp3.internal.platform.Platform log
INFO: <-- END HTTP (67-byte body)
нояб. 16, 2021 8:53:02 PM okhttp3.internal.platform.Platform log
INFO: --> POST http://80.78.248.82:8189/market/api/v1/products
нояб. 16, 2021 8:53:02 PM okhttp3.internal.platform.Platform log
INFO: Content-Type: application/json; charset=UTF-8
нояб. 16, 2021 8:53:02 PM okhttp3.internal.platform.Platform log
INFO: Content-Length: 56
нояб. 16, 2021 8:53:02 PM okhttp3.internal.platform.Platform log
INFO: 
нояб. 16, 2021 8:53:02 PM okhttp3.internal.platform.Platform log
INFO: {
  "title" : "Chickory",
  "price" : 4385,
  "categoryTitle" : "Food"
}
нояб. 16, 2021 8:53:02 PM okhttp3.internal.platform.Platform log
INFO: --> END POST (56-byte body)
нояб. 16, 2021 8:53:02 PM okhttp3.internal.platform.Platform log
INFO: --> POST http://80.78.248.82:8189/market/api/v1/products
нояб. 16, 2021 8:53:02 PM okhttp3.internal.platform.Platform log
INFO: Content-Type: application/json; charset=UTF-8
нояб. 16, 2021 8:53:02 PM okhttp3.internal.platform.Platform log
INFO: Content-Length: 56
нояб. 16, 2021 8:53:02 PM okhttp3.internal.platform.Platform log
INFO: 
нояб. 16, 2021 8:53:02 PM okhttp3.internal.platform.Platform log
INFO: {
  "title" : "Chickory",
  "price" : 4385,
  "categoryTitle" : "Food"
}
нояб. 16, 2021 8:53:02 PM okhttp3.internal.platform.Platform log
INFO: --> END POST (56-byte body)
нояб. 16, 2021 8:53:03 PM okhttp3.internal.platform.Platform log
INFO: <-- 201 http://80.78.248.82:8189/market/api/v1/products (38ms)
нояб. 16, 2021 8:53:03 PM okhttp3.internal.platform.Platform log
INFO: Content-Type: application/json
нояб. 16, 2021 8:53:03 PM okhttp3.internal.platform.Platform log
INFO: Transfer-Encoding: chunked
нояб. 16, 2021 8:53:03 PM okhttp3.internal.platform.Platform log
INFO: Date: Tue, 16 Nov 2021 17:53:03 GMT
нояб. 16, 2021 8:53:03 PM okhttp3.internal.platform.Platform log
INFO: Keep-Alive: timeout=60
нояб. 16, 2021 8:53:03 PM okhttp3.internal.platform.Platform log
INFO: Connection: keep-alive
нояб. 16, 2021 8:53:03 PM okhttp3.internal.platform.Platform log
INFO: 
нояб. 16, 2021 8:53:03 PM okhttp3.internal.platform.Platform log
INFO: {
  "id" : 14377,
  "title" : "Chickory",
  "price" : 4385,
  "categoryTitle" : "Food"
}
нояб. 16, 2021 8:53:03 PM okhttp3.internal.platform.Platform log
INFO: <-- END HTTP (67-byte body)
нояб. 16, 2021 8:53:03 PM okhttp3.internal.platform.Platform log
INFO: <-- 201 http://80.78.248.82:8189/market/api/v1/products (66ms)
нояб. 16, 2021 8:53:03 PM okhttp3.internal.platform.Platform log
INFO: Content-Type: application/json
нояб. 16, 2021 8:53:03 PM okhttp3.internal.platform.Platform log
INFO: Transfer-Encoding: chunked
нояб. 16, 2021 8:53:03 PM okhttp3.internal.platform.Platform log
INFO: Date: Tue, 16 Nov 2021 17:53:03 GMT
нояб. 16, 2021 8:53:03 PM okhttp3.internal.platform.Platform log
INFO: Keep-Alive: timeout=60
нояб. 16, 2021 8:53:03 PM okhttp3.internal.platform.Platform log
INFO: Connection: keep-alive
нояб. 16, 2021 8:53:03 PM okhttp3.internal.platform.Platform log
INFO: 
нояб. 16, 2021 8:53:03 PM okhttp3.internal.platform.Platform log
INFO: {
  "id" : 14377,
  "title" : "Chickory",
  "price" : 4385,
  "categoryTitle" : "Food"
}
нояб. 16, 2021 8:53:03 PM okhttp3.internal.platform.Platform log
INFO: <-- END HTTP (67-byte body)
нояб. 16, 2021 8:53:03 PM okhttp3.internal.platform.Platform log
INFO: --> DELETE http://80.78.248.82:8189/market/api/v1/products/14376
нояб. 16, 2021 8:53:03 PM okhttp3.internal.platform.Platform log
INFO: --> END DELETE
нояб. 16, 2021 8:53:03 PM okhttp3.internal.platform.Platform log
INFO: --> DELETE http://80.78.248.82:8189/market/api/v1/products/14376
нояб. 16, 2021 8:53:03 PM okhttp3.internal.platform.Platform log
INFO: --> END DELETE
нояб. 16, 2021 8:53:03 PM okhttp3.internal.platform.Platform log
INFO: <-- 200 http://80.78.248.82:8189/market/api/v1/products/14376 (32ms)
нояб. 16, 2021 8:53:03 PM okhttp3.internal.platform.Platform log
INFO: Content-Length: 0
нояб. 16, 2021 8:53:03 PM okhttp3.internal.platform.Platform log
INFO: Date: Tue, 16 Nov 2021 17:53:03 GMT
нояб. 16, 2021 8:53:03 PM okhttp3.internal.platform.Platform log
INFO: Keep-Alive: timeout=60
нояб. 16, 2021 8:53:03 PM okhttp3.internal.platform.Platform log
INFO: Connection: keep-alive
нояб. 16, 2021 8:53:03 PM okhttp3.internal.platform.Platform log
INFO: <-- END HTTP (0-byte body)
нояб. 16, 2021 8:53:03 PM okhttp3.internal.platform.Platform log
INFO: <-- 200 http://80.78.248.82:8189/market/api/v1/products/14376 (56ms)
нояб. 16, 2021 8:53:03 PM okhttp3.internal.platform.Platform log
INFO: Content-Length: 0
нояб. 16, 2021 8:53:03 PM okhttp3.internal.platform.Platform log
INFO: Date: Tue, 16 Nov 2021 17:53:03 GMT
нояб. 16, 2021 8:53:03 PM okhttp3.internal.platform.Platform log
INFO: Keep-Alive: timeout=60
нояб. 16, 2021 8:53:03 PM okhttp3.internal.platform.Platform log
INFO: Connection: keep-alive
нояб. 16, 2021 8:53:03 PM okhttp3.internal.platform.Platform log
INFO: <-- END HTTP (0-byte body)
]]></system-err>
  </testcase>
  <testcase name="checkCreationProductWithNotExistCategoryTest" classname="Test_Product" time="0.185"/>
  <testcase name="updateNotExistTest" classname="Test_Product" time="0.25"/>
</testsuite>